web_cardapio.br.com.bitbyte.dao.PedidosDao 2025-12-05 12:06:35,172 -- INFO -- Pedido inserido: {"pedidoComanda":{"valorTotal":303.80,"itens":[{"descricao":"COMBO APERITIVO","codigo":"000932","vrUnit":79.9,"qtd":1.0,"codigoPesquisa":"932","origem":"CDP_TABLET","adicionais":{"listAcrescentar":[],"listRetirar":[],"itensMontagem":[],"variacoes":[],"sabores":[]},"acessorio":false},{"descricao":"ARANCINI DE CALABRESA CURADA","codigo":"001453","vrUnit":38.9,"qtd":1.0,"codigoPesquisa":"1453","origem":"CDP_TABLET","adicionais":{"listAcrescentar":[],"listRetirar":[],"itensMontagem":[],"variacoes":[],"sabores":[]},"acessorio":false},{"descricao":"BOLINHO DE MANDIOCA COM PROVOLONE","codigo":"000047","vrUnit":39.9,"qtd":1.0,"codigoPesquisa":"47","origem":"CDP_TABLET","adicionais":{"listAcrescentar":[],"listRetirar":[],"itensMontagem":[],"variacoes":[],"sabores":[]},"acessorio":false},{"descricao":"BRUSCHETTA AO POMODORO","codigo":"000048","vrUnit":38.9,"qtd":1.0,"codigoPesquisa":"48","origem":"CDP_TABLET","adicionais":{"listAcrescentar":[],"listRetirar":[],"itensMontagem":[],"variacoes":[],"sabores":[]},"acessorio":false},{"descricao":"CESTA DE PAO","codigo":"000536","vrUnit":6.5,"qtd":1.0,"codigoPesquisa":"536","origem":"CDP_TABLET","adicionais":{"listAcrescentar":[],"listRetirar":[],"itensMontagem":[],"variacoes":[],"sabores":[]},"acessorio":false},{"descricao":"COUVERT","codigo":"000001","vrUnit":39.9,"qtd":1.0,"codigoPesquisa":"1","origem":"CDP_TABLET","adicionais":{"listAcrescentar":[],"listRetirar":[],"itensMontagem":[],"variacoes":[],"sabores":[]},"acessorio":false},{"descricao":"CROSTINI DE PARMESAO","codigo":"000002","vrUnit":29.9,"qtd":2.0,"codigoPesquisa":"2","origem":"CDP_TABLET","adicionais":{"listAcrescentar":[],"listRetirar":[],"itensMontagem":[],"variacoes":[],"sabores":[]},"acessorio":false}],"comanda":{"numero":2,"maioridade":false,"atendente":{"codigo":"","senha":"1","usuario":"BBI"},"idTablet":1,"mesa":2,"tag":"","quantidadePessoas":0,"formaAtendimento":"MESA","idTag":""}}} 
 web_cardapio.br.com.bitbyte.dao.PedidosDao 2025-12-05 12:06:35,250 -- INFO -- Pedido inserido: {"pedidoComanda":{"valorTotal":303.80,"itens":[{"descricao":"COMBO APERITIVO","codigo":"000932","vrUnit":79.9,"qtd":1.0,"codigoPesquisa":"932","origem":"CDP_TABLET","adicionais":{"listAcrescentar":[],"listRetirar":[],"itensMontagem":[],"variacoes":[],"sabores":[]},"acessorio":false},{"descricao":"ARANCINI DE CALABRESA CURADA","codigo":"001453","vrUnit":38.9,"qtd":1.0,"codigoPesquisa":"1453","origem":"CDP_TABLET","adicionais":{"listAcrescentar":[],"listRetirar":[],"itensMontagem":[],"variacoes":[],"sabores":[]},"acessorio":false},{"descricao":"BOLINHO DE MANDIOCA COM PROVOLONE","codigo":"000047","vrUnit":39.9,"qtd":1.0,"codigoPesquisa":"47","origem":"CDP_TABLET","adicionais":{"listAcrescentar":[],"listRetirar":[],"itensMontagem":[],"variacoes":[],"sabores":[]},"acessorio":false},{"descricao":"BRUSCHETTA AO POMODORO","codigo":"000048","vrUnit":38.9,"qtd":1.0,"codigoPesquisa":"48","origem":"CDP_TABLET","adicionais":{"listAcrescentar":[],"listRetirar":[],"itensMontagem":[],"variacoes":[],"sabores":[]},"acessorio":false},{"descricao":"CESTA DE PAO","codigo":"000536","vrUnit":6.5,"qtd":1.0,"codigoPesquisa":"536","origem":"CDP_TABLET","adicionais":{"listAcrescentar":[],"listRetirar":[],"itensMontagem":[],"variacoes":[],"sabores":[]},"acessorio":false},{"descricao":"COUVERT","codigo":"000001","vrUnit":39.9,"qtd":1.0,"codigoPesquisa":"1","origem":"CDP_TABLET","adicionais":{"listAcrescentar":[],"listRetirar":[],"itensMontagem":[],"variacoes":[],"sabores":[]},"acessorio":false},{"descricao":"CROSTINI DE PARMESAO","codigo":"000002","vrUnit":29.9,"qtd":2.0,"codigoPesquisa":"2","origem":"CDP_TABLET","adicionais":{"listAcrescentar":[],"listRetirar":[],"itensMontagem":[],"variacoes":[],"sabores":[]},"acessorio":false}],"comanda":{"numero":2,"maioridade":false,"atendente":{"codigo":"","senha":"1","usuario":"BBI"},"idTablet":1,"mesa":2,"tag":"","quantidadePessoas":0,"formaAtendimento":"MESA","idTag":""}}} 
 web_cardapio.br.com.bitbyte.dao.PedidosDao 2025-12-05 12:06:35,263 -- INFO -- Pedido inserido: {"pedidoComanda":{"valorTotal":303.80,"itens":[{"descricao":"COMBO APERITIVO","codigo":"000932","vrUnit":79.9,"qtd":1.0,"codigoPesquisa":"932","origem":"CDP_TABLET","adicionais":{"listAcrescentar":[],"listRetirar":[],"itensMontagem":[],"variacoes":[],"sabores":[]},"acessorio":false},{"descricao":"ARANCINI DE CALABRESA CURADA","codigo":"001453","vrUnit":38.9,"qtd":1.0,"codigoPesquisa":"1453","origem":"CDP_TABLET","adicionais":{"listAcrescentar":[],"listRetirar":[],"itensMontagem":[],"variacoes":[],"sabores":[]},"acessorio":false},{"descricao":"BOLINHO DE MANDIOCA COM PROVOLONE","codigo":"000047","vrUnit":39.9,"qtd":1.0,"codigoPesquisa":"47","origem":"CDP_TABLET","adicionais":{"listAcrescentar":[],"listRetirar":[],"itensMontagem":[],"variacoes":[],"sabores":[]},"acessorio":false},{"descricao":"BRUSCHETTA AO POMODORO","codigo":"000048","vrUnit":38.9,"qtd":1.0,"codigoPesquisa":"48","origem":"CDP_TABLET","adicionais":{"listAcrescentar":[],"listRetirar":[],"itensMontagem":[],"variacoes":[],"sabores":[]},"acessorio":false},{"descricao":"CESTA DE PAO","codigo":"000536","vrUnit":6.5,"qtd":1.0,"codigoPesquisa":"536","origem":"CDP_TABLET","adicionais":{"listAcrescentar":[],"listRetirar":[],"itensMontagem":[],"variacoes":[],"sabores":[]},"acessorio":false},{"descricao":"COUVERT","codigo":"000001","vrUnit":39.9,"qtd":1.0,"codigoPesquisa":"1","origem":"CDP_TABLET","adicionais":{"listAcrescentar":[],"listRetirar":[],"itensMontagem":[],"variacoes":[],"sabores":[]},"acessorio":false},{"descricao":"CROSTINI DE PARMESAO","codigo":"000002","vrUnit":29.9,"qtd":2.0,"codigoPesquisa":"2","origem":"CDP_TABLET","adicionais":{"listAcrescentar":[],"listRetirar":[],"itensMontagem":[],"variacoes":[],"sabores":[]},"acessorio":false}],"comanda":{"numero":2,"maioridade":false,"atendente":{"codigo":"","senha":"1","usuario":"BBI"},"idTablet":1,"mesa":2,"tag":"","quantidadePessoas":0,"formaAtendimento":"MESA","idTag":""}}} 
 web_cardapio.br.com.bitbyte.dao.PedidosDao 2025-12-05 12:06:35,328 -- INFO -- Pedido inserido: {"pedidoComanda":{"valorTotal":303.80,"itens":[{"descricao":"COMBO APERITIVO","codigo":"000932","vrUnit":79.9,"qtd":1.0,"codigoPesquisa":"932","origem":"CDP_TABLET","adicionais":{"listAcrescentar":[],"listRetirar":[],"itensMontagem":[],"variacoes":[],"sabores":[]},"acessorio":false},{"descricao":"ARANCINI DE CALABRESA CURADA","codigo":"001453","vrUnit":38.9,"qtd":1.0,"codigoPesquisa":"1453","origem":"CDP_TABLET","adicionais":{"listAcrescentar":[],"listRetirar":[],"itensMontagem":[],"variacoes":[],"sabores":[]},"acessorio":false},{"descricao":"BOLINHO DE MANDIOCA COM PROVOLONE","codigo":"000047","vrUnit":39.9,"qtd":1.0,"codigoPesquisa":"47","origem":"CDP_TABLET","adicionais":{"listAcrescentar":[],"listRetirar":[],"itensMontagem":[],"variacoes":[],"sabores":[]},"acessorio":false},{"descricao":"BRUSCHETTA AO POMODORO","codigo":"000048","vrUnit":38.9,"qtd":1.0,"codigoPesquisa":"48","origem":"CDP_TABLET","adicionais":{"listAcrescentar":[],"listRetirar":[],"itensMontagem":[],"variacoes":[],"sabores":[]},"acessorio":false},{"descricao":"CESTA DE PAO","codigo":"000536","vrUnit":6.5,"qtd":1.0,"codigoPesquisa":"536","origem":"CDP_TABLET","adicionais":{"listAcrescentar":[],"listRetirar":[],"itensMontagem":[],"variacoes":[],"sabores":[]},"acessorio":false},{"descricao":"COUVERT","codigo":"000001","vrUnit":39.9,"qtd":1.0,"codigoPesquisa":"1","origem":"CDP_TABLET","adicionais":{"listAcrescentar":[],"listRetirar":[],"itensMontagem":[],"variacoes":[],"sabores":[]},"acessorio":false},{"descricao":"CROSTINI DE PARMESAO","codigo":"000002","vrUnit":29.9,"qtd":2.0,"codigoPesquisa":"2","origem":"CDP_TABLET","adicionais":{"listAcrescentar":[],"listRetirar":[],"itensMontagem":[],"variacoes":[],"sabores":[]},"acessorio":false}],"comanda":{"numero":2,"maioridade":false,"atendente":{"codigo":"","senha":"1","usuario":"BBI"},"idTablet":1,"mesa":2,"tag":"","quantidadePessoas":0,"formaAtendimento":"MESA","idTag":""}}} 
 web_cardapio.br.com.bitbyte.dao.ThemeDao 2025-12-05 12:18:06,938 -- INFO -- Chegou aqui 6  
 web_cardapio.br.com.bitbyte.dao.ThemeDao 2025-12-05 12:22:55,985 -- INFO -- Chegou aqui 6  
 web_cardapio.br.com.bitbyte.scripts.ScriptsService 2025-12-05 15:13:12,195 -- INFO -- Executando scripts... 
 web_cardapio.br.com.bitbyte.scripts.ScriptsService 2025-12-05 15:13:51,040 -- INFO -- Executando scripts... 
 web_cardapio.br.com.bitbyte.scripts.ScriptsService 2025-12-05 15:13:57,688 -- INFO -- Executando scripts... 
 web_cardapio.br.com.bitbyte.scripts.ScriptsService 2025-12-05 15:14:01,256 -- INFO -- Executando scripts... 
 web_cardapio.br.com.bitbyte.scripts.ScriptsService 2025-12-05 15:22:32,853 -- INFO -- Executando scripts... 
 web_cardapio.br.com.bitbyte.dao.ThemeDao 2025-12-05 15:22:40,174 -- INFO -- Chegou aqui 6  
 web_cardapio.br.com.bitbyte.dao.ParametroDao 2025-12-05 15:25:11,383 -- INFO -- TAXA DE ATENDIMENTO: R$ 0,00 
 web_cardapio.br.com.bitbyte.scripts.ScriptsService 2025-12-05 15:27:48,010 -- INFO -- Executando scripts... 
 web_cardapio.br.com.bitbyte.dao.ParametroDao 2025-12-05 15:27:54,220 -- INFO -- TAXA DE ATENDIMENTO: R$ 0,00 
 web_cardapio.br.com.bitbyte.scripts.ScriptsService 2025-12-05 15:29:21,290 -- INFO -- Executando scripts... 
 web_cardapio.br.com.bitbyte.scripts.ScriptsService 2025-12-05 15:29:30,206 -- INFO -- Executando scripts... 
 web_cardapio.br.com.bitbyte.dao.ThemeDao 2025-12-05 15:32:36,537 -- INFO -- Chegou aqui 6  
 web_cardapio.br.com.bitbyte.dao.ParametroDao 2025-12-05 15:34:08,465 -- INFO -- TAXA DE ATENDIMENTO: R$ 0,00 
 web_cardapio.br.com.bitbyte.scripts.ScriptsService 2025-12-05 15:47:27,380 -- INFO -- Executando scripts... 
 web_cardapio.br.com.bitbyte.dao.ThemeDao 2025-12-05 15:47:34,245 -- INFO -- Chegou aqui 6  
 web_cardapio.br.com.bitbyte.dao.ParametroDao 2025-12-05 15:47:46,814 -- INFO -- TAXA DE ATENDIMENTO: R$ 0,00 
 web_cardapio.br.com.bitbyte.dao.PedidosDao 2025-12-05 15:47:50,858 -- INFO -- Pedido inserido: {"pedidoComanda":{"valorTotal":5.00,"itens":[{"descricao":"AGUA C/ GAS 500 ML","codigo":"000031","vrUnit":5.0,"qtd":1.0,"codigoPesquisa":"31","origem":"CDP_TABLET","adicionais":{"listAcrescentar":[],"listRetirar":[],"itensMontagem":[],"variacoes":[{"codigo":"00031","descricao":"COPO VAZIO","codigoPai":""}],"sabores":[]},"acessorio":false}],"comanda":{"numero":133,"maioridade":false,"atendente":{"codigo":"","senha":"123","usuario":"ADM"},"idTablet":1,"mesa":133,"tag":"","quantidadePessoas":0,"formaAtendimento":"MESA","idTag":""}}} 
 web_cardapio.br.com.bitbyte.dao.ParametroDao 2025-12-05 15:47:55,098 -- INFO -- TAXA DE ATENDIMENTO: R$ 0,00 
 web_cardapio.br.com.bitbyte.dao.ParametroDao 2025-12-05 15:49:55,528 -- INFO -- TAXA DE ATENDIMENTO: R$ 0,00 
 web_cardapio.br.com.bitbyte.dao.ParametroDao 2025-12-05 15:50:11,612 -- INFO -- TAXA DE ATENDIMENTO: R$ 0,00 
 web_cardapio.br.com.bitbyte.scripts.ScriptsService 2025-12-05 16:15:59,196 -- INFO -- Executando scripts... 
 web_cardapio.br.com.bitbyte.scripts.ScriptsService 2025-12-05 16:22:06,070 -- INFO -- Executando scripts... 
 web_cardapio.br.com.bitbyte.scripts.ScriptsService 2025-12-08 09:01:22,520 -- INFO -- Executando scripts... 
 web_cardapio.br.com.bitbyte.dao.ThemeDao 2025-12-08 09:01:29,055 -- INFO -- Chegou aqui 6  
 web_cardapio.br.com.bitbyte.dao.PedidosDao 2025-12-08 09:13:37,553 -- INFO -- Pedido inserido: {"pedidoComanda":{"valorTotal":24.90,"itens":[{"descricao":"MILKSHAKE ABACAXI AO VINHO","codigo":"000065","vrUnit":24.9,"qtd":1.0,"codigoPesquisa":"65","origem":"CDP_TABLET","adicionais":{"listAcrescentar":[],"listRetirar":[],"itensMontagem":[],"variacoes":[],"sabores":[]},"acessorio":false}],"comanda":{"numero":133,"maioridade":false,"atendente":{"codigo":"","senha":"1","usuario":"BBI"},"idTablet":1,"mesa":133,"tag":"","quantidadePessoas":0,"formaAtendimento":"MESA","idTag":""}}} 
 web_cardapio.br.com.bitbyte.scripts.ScriptsService 2025-12-09 17:11:00,895 -- INFO -- Executando scripts... 
 web_cardapio.br.com.bitbyte.dao.ThemeDao 2025-12-09 17:11:41,417 -- INFO -- Chegou aqui 6  
 web_cardapio.br.com.bitbyte.dao.ThemeDao 2025-12-09 17:24:15,927 -- INFO -- Chegou aqui 6  
 web_cardapio.br.com.bitbyte.scripts.ScriptsService 2025-12-10 08:44:17,349 -- INFO -- Executando scripts... 
 web_cardapio.br.com.bitbyte.dao.ThemeDao 2025-12-10 08:46:00,910 -- INFO -- Chegou aqui 6  
 web_cardapio.br.com.bitbyte.scripts.ScriptsService 2025-12-10 08:47:40,066 -- INFO -- Executando scripts... 
 web_cardapio.br.com.bitbyte.scripts.ScriptsService 2025-12-10 08:49:11,954 -- INFO -- Executando scripts... 
 web_cardapio.br.com.bitbyte.dao.ThemeDao 2025-12-10 08:49:24,129 -- INFO -- Chegou aqui 6  
 web_cardapio.br.com.bitbyte.scripts.ScriptsService 2025-12-10 08:50:21,363 -- INFO -- Executando scripts... 
 web_cardapio.br.com.bitbyte.dao.ThemeDao 2025-12-10 08:50:50,468 -- INFO -- Chegou aqui 6  
 web_cardapio.br.com.bitbyte.scripts.ScriptsService 2025-12-10 08:53:09,128 -- INFO -- Executando scripts... 
 web_cardapio.br.com.bitbyte.dao.ThemeDao 2025-12-10 08:53:43,345 -- INFO -- Chegou aqui 6  
 web_cardapio.br.com.bitbyte.dao.ThemeDao 2025-12-10 08:57:04,428 -- INFO -- Chegou aqui 6  
 web_cardapio.br.com.bitbyte.dao.ThemeDao 2025-12-10 09:00:35,440 -- INFO -- Chegou aqui 6  
 web_cardapio.br.com.bitbyte.scripts.ScriptsService 2025-12-10 09:01:45,401 -- INFO -- Executando scripts... 
 web_cardapio.br.com.bitbyte.dao.ThemeDao 2025-12-10 09:02:13,263 -- INFO -- Chegou aqui 6  
 web_cardapio.br.com.bitbyte.dao.ThemeDao 2025-12-10 09:07:07,721 -- INFO -- Chegou aqui 6  
 web_cardapio.br.com.bitbyte.scripts.ScriptsService 2025-12-10 09:08:22,491 -- INFO -- Executando scripts... 
 web_cardapio.br.com.bitbyte.dao.ThemeDao 2025-12-10 09:08:57,003 -- INFO -- Chegou aqui 6  
 web_cardapio.br.com.bitbyte.dao.ThemeDao 2025-12-10 09:25:06,074 -- INFO -- Chegou aqui 6  
 web_cardapio.br.com.bitbyte.scripts.ScriptsService 2025-12-10 09:26:06,146 -- INFO -- Executando scripts... 
 web_cardapio.br.com.bitbyte.dao.ThemeDao 2025-12-10 09:27:20,942 -- INFO -- Chegou aqui 6  
 web_cardapio.br.com.bitbyte.dao.ThemeDao 2025-12-10 09:30:05,567 -- INFO -- Chegou aqui 6  
 web_cardapio.br.com.bitbyte.dao.ThemeDao 2025-12-10 09:31:49,040 -- INFO -- Chegou aqui 6  
 web_cardapio.br.com.bitbyte.dao.ThemeDao 2025-12-10 09:35:01,555 -- INFO -- Chegou aqui 6  
 web_cardapio.br.com.bitbyte.dao.ThemeDao 2025-12-10 09:38:35,343 -- INFO -- Chegou aqui 6  
 web_cardapio.br.com.bitbyte.dao.ThemeDao 2025-12-10 09:41:34,557 -- INFO -- Chegou aqui 6  
 web_cardapio.br.com.bitbyte.dao.ThemeDao 2025-12-10 10:42:00,594 -- INFO -- Chegou aqui 6  
 web_cardapio.br.com.bitbyte.dao.ThemeDao 2025-12-10 11:16:15,742 -- INFO -- Chegou aqui 6  
 web_cardapio.br.com.bitbyte.dao.ThemeDao 2025-12-10 11:19:20,194 -- INFO -- Chegou aqui 6  
 web_cardapio.br.com.bitbyte.dao.ThemeDao 2025-12-10 14:43:52,722 -- INFO -- Chegou aqui 6  
 web_cardapio.br.com.bitbyte.dao.ThemeDao 2025-12-10 14:44:46,551 -- INFO -- Chegou aqui 6  
 web_cardapio.br.com.bitbyte.dao.ThemeDao 2025-12-10 14:45:37,913 -- INFO -- Chegou aqui 6  
 web_cardapio.br.com.bitbyte.dao.ThemeDao 2025-12-10 14:50:45,689 -- INFO -- Chegou aqui 6  
 web_cardapio.br.com.bitbyte.dao.ThemeDao 2025-12-10 14:54:36,168 -- INFO -- Chegou aqui 6  
 web_cardapio.br.com.bitbyte.dao.ThemeDao 2025-12-10 14:55:44,159 -- INFO -- Chegou aqui 6  
 web_cardapio.br.com.bitbyte.dao.ThemeDao 2025-12-10 14:57:13,662 -- INFO -- Chegou aqui 6  
 web_cardapio.br.com.bitbyte.dao.ThemeDao 2025-12-10 15:01:39,067 -- INFO -- Chegou aqui 6  
 web_cardapio.br.com.bitbyte.dao.ThemeDao 2025-12-10 15:01:53,208 -- INFO -- Chegou aqui 6  
 web_cardapio.br.com.bitbyte.dao.ThemeDao 2025-12-10 15:03:20,244 -- INFO -- Chegou aqui 6  
 web_cardapio.br.com.bitbyte.dao.ThemeDao 2025-12-10 15:03:36,322 -- INFO -- Chegou aqui 6  
 web_cardapio.br.com.bitbyte.dao.PedidosDao 2025-12-10 15:04:11,286 -- INFO -- Pedido inserido: {"pedidoComanda":{"valorTotal":79.90,"itens":[{"descricao":"COMBO APERITIVO","codigo":"000932","vrUnit":79.9,"qtd":1.0,"codigoPesquisa":"932","origem":"CDP_TABLET","adicionais":{"listAcrescentar":[],"listRetirar":[],"itensMontagem":[],"variacoes":[],"sabores":[]},"acessorio":false}],"comanda":{"numero":200,"maioridade":false,"atendente":{"codigo":"","senha":"1","usuario":"BBI"},"idTablet":1,"mesa":200,"tag":"","quantidadePessoas":0,"formaAtendimento":"MESA","idTag":""}}} 
 web_cardapio.br.com.bitbyte.dao.ThemeDao 2025-12-10 15:04:16,550 -- INFO -- Chegou aqui 6  
 web_cardapio.br.com.bitbyte.dao.ThemeDao 2025-12-10 15:22:29,472 -- INFO -- Chegou aqui 6  
 web_cardapio.br.com.bitbyte.dao.ThemeDao 2025-12-10 15:47:26,839 -- INFO -- Chegou aqui 6  
 web_cardapio.br.com.bitbyte.dao.ThemeDao 2025-12-10 15:48:41,180 -- INFO -- Chegou aqui 6  
 web_cardapio.br.com.bitbyte.dao.PedidosDao 2025-12-10 15:51:25,299 -- INFO -- Pedido inserido: {"pedidoComanda":{"valorTotal":79.90,"itens":[{"descricao":"COMBO APERITIVO","codigo":"000932","vrUnit":79.9,"qtd":1.0,"codigoPesquisa":"932","origem":"CDP_TABLET","adicionais":{"listAcrescentar":[],"listRetirar":[],"itensMontagem":[],"variacoes":[],"sabores":[]},"acessorio":false}],"comanda":{"numero":200,"maioridade":false,"atendente":{"codigo":"","senha":"1","usuario":"BBI"},"idTablet":1,"mesa":200,"tag":"","quantidadePessoas":0,"formaAtendimento":"MESA","idTag":""}}} 
 web_cardapio.br.com.bitbyte.dao.ThemeDao 2025-12-10 15:53:48,979 -- INFO -- Chegou aqui 6  
 web_cardapio.br.com.bitbyte.dao.PedidosDao 2025-12-10 15:54:01,342 -- INFO -- Pedido inserido: {"pedidoComanda":{"valorTotal":79.90,"itens":[{"descricao":"COMBO APERITIVO","codigo":"000932","vrUnit":79.9,"qtd":1.0,"codigoPesquisa":"932","origem":"CDP_TABLET","adicionais":{"listAcrescentar":[],"listRetirar":[],"itensMontagem":[],"variacoes":[],"sabores":[]},"acessorio":false}],"comanda":{"numero":200,"maioridade":false,"atendente":{"codigo":"","senha":"1","usuario":"BBI"},"idTablet":1,"mesa":200,"tag":"","quantidadePessoas":0,"formaAtendimento":"MESA","idTag":""}}} 
 web_cardapio.br.com.bitbyte.dao.PedidosDao 2025-12-10 15:54:18,889 -- INFO -- Pedido inserido: {"pedidoComanda":{"valorTotal":79.90,"itens":[{"descricao":"COMBO APERITIVO","codigo":"000932","vrUnit":79.9,"qtd":1.0,"codigoPesquisa":"932","origem":"CDP_TABLET","adicionais":{"listAcrescentar":[],"listRetirar":[],"itensMontagem":[],"variacoes":[],"sabores":[]},"acessorio":false}],"comanda":{"numero":200,"maioridade":false,"atendente":{"codigo":"","senha":"1","usuario":"BBI"},"idTablet":1,"mesa":200,"tag":"","quantidadePessoas":0,"formaAtendimento":"MESA","idTag":""}}} 
 web_cardapio.br.com.bitbyte.dao.PedidosDao 2025-12-10 15:54:31,339 -- INFO -- Pedido inserido: {"pedidoComanda":{"valorTotal":79.90,"itens":[{"descricao":"COMBO APERITIVO","codigo":"000932","vrUnit":79.9,"qtd":1.0,"codigoPesquisa":"932","origem":"CDP_TABLET","adicionais":{"listAcrescentar":[],"listRetirar":[],"itensMontagem":[],"variacoes":[],"sabores":[]},"acessorio":false}],"comanda":{"numero":200,"maioridade":false,"atendente":{"codigo":"","senha":"1","usuario":"BBI"},"idTablet":1,"mesa":200,"tag":"","quantidadePessoas":0,"formaAtendimento":"MESA","idTag":""}}} 
 web_cardapio.br.com.bitbyte.dao.ThemeDao 2025-12-10 15:54:56,560 -- INFO -- Chegou aqui 6  
 web_cardapio.br.com.bitbyte.dao.ThemeDao 2025-12-10 15:57:52,490 -- INFO -- Chegou aqui 6  
 web_cardapio.br.com.bitbyte.dao.PedidosDao 2025-12-10 15:58:30,337 -- INFO -- Pedido inserido: {"pedidoComanda":{"valorTotal":79.90,"itens":[{"descricao":"COMBO APERITIVO","codigo":"000932","vrUnit":79.9,"qtd":1.0,"codigoPesquisa":"932","origem":"CDP_TABLET","adicionais":{"listAcrescentar":[],"listRetirar":[],"itensMontagem":[],"variacoes":[],"sabores":[]},"acessorio":false}],"comanda":{"numero":200,"maioridade":false,"atendente":{"codigo":"","senha":"1","usuario":"BBI"},"idTablet":1,"mesa":200,"tag":"","quantidadePessoas":0,"formaAtendimento":"MESA","idTag":""}}} 
 web_cardapio.br.com.bitbyte.dao.ThemeDao 2025-12-10 16:00:06,103 -- INFO -- Chegou aqui 6  
 web_cardapio.br.com.bitbyte.dao.PedidosDao 2025-12-10 16:00:26,623 -- INFO -- Pedido inserido: {"pedidoComanda":{"valorTotal":79.90,"itens":[{"descricao":"COMBO APERITIVO","codigo":"000932","vrUnit":79.9,"qtd":1.0,"codigoPesquisa":"932","origem":"CDP_TABLET","adicionais":{"listAcrescentar":[],"listRetirar":[],"itensMontagem":[],"variacoes":[],"sabores":[]},"acessorio":false}],"comanda":{"numero":200,"maioridade":false,"atendente":{"codigo":"","senha":"1","usuario":"BBI"},"idTablet":1,"mesa":200,"tag":"","quantidadePessoas":0,"formaAtendimento":"MESA","idTag":""}}} 
 web_cardapio.br.com.bitbyte.dao.PedidosDao 2025-12-10 16:00:36,070 -- INFO -- Pedido inserido: {"pedidoComanda":{"valorTotal":79.90,"itens":[{"descricao":"COMBO APERITIVO","codigo":"000932","vrUnit":79.9,"qtd":1.0,"codigoPesquisa":"932","origem":"CDP_TABLET","adicionais":{"listAcrescentar":[],"listRetirar":[],"itensMontagem":[],"variacoes":[],"sabores":[]},"acessorio":false}],"comanda":{"numero":200,"maioridade":false,"atendente":{"codigo":"","senha":"1","usuario":"BBI"},"idTablet":1,"mesa":200,"tag":"","quantidadePessoas":0,"formaAtendimento":"MESA","idTag":""}}} 
 web_cardapio.br.com.bitbyte.dao.ThemeDao 2025-12-10 16:06:30,251 -- INFO -- Chegou aqui 6  
 web_cardapio.br.com.bitbyte.dao.PedidosDao 2025-12-10 16:07:05,214 -- INFO -- Pedido inserido: {"pedidoComanda":{"valorTotal":79.90,"itens":[{"descricao":"COMBO APERITIVO","codigo":"000932","vrUnit":79.9,"qtd":1.0,"codigoPesquisa":"932","origem":"CDP_TABLET","adicionais":{"listAcrescentar":[],"listRetirar":[],"itensMontagem":[],"variacoes":[],"sabores":[]},"acessorio":false}],"comanda":{"numero":200,"maioridade":false,"atendente":{"codigo":"","senha":"1","usuario":"BBI"},"idTablet":1,"mesa":200,"tag":"","quantidadePessoas":0,"formaAtendimento":"MESA","idTag":""}}} 
 web_cardapio.br.com.bitbyte.dao.PedidosDao 2025-12-10 16:07:32,423 -- INFO -- Pedido inserido: {"pedidoComanda":{"valorTotal":79.90,"itens":[{"descricao":"COMBO APERITIVO","codigo":"000932","vrUnit":79.9,"qtd":1.0,"codigoPesquisa":"932","origem":"CDP_TABLET","adicionais":{"listAcrescentar":[],"listRetirar":[],"itensMontagem":[],"variacoes":[],"sabores":[]},"acessorio":false}],"comanda":{"numero":200,"maioridade":false,"atendente":{"codigo":"","senha":"1","usuario":"BBI"},"idTablet":1,"mesa":200,"tag":"","quantidadePessoas":0,"formaAtendimento":"MESA","idTag":""}}} 
 web_cardapio.br.com.bitbyte.dao.ThemeDao 2025-12-10 16:10:23,447 -- INFO -- Chegou aqui 6  
 web_cardapio.br.com.bitbyte.dao.PedidosDao 2025-12-10 16:10:45,327 -- INFO -- Pedido inserido: {"pedidoComanda":{"valorTotal":159.80,"itens":[{"descricao":"COMBO APERITIVO","codigo":"000932","vrUnit":79.9,"qtd":2.0,"codigoPesquisa":"932","origem":"CDP_TABLET","adicionais":{"listAcrescentar":[],"listRetirar":[],"itensMontagem":[],"variacoes":[],"sabores":[]},"acessorio":false}],"comanda":{"numero":200,"maioridade":false,"atendente":{"codigo":"","senha":"1","usuario":"BBI"},"idTablet":1,"mesa":200,"tag":"","quantidadePessoas":0,"formaAtendimento":"MESA","idTag":""}}} 
 web_cardapio.br.com.bitbyte.dao.PedidosDao 2025-12-10 16:15:15,960 -- INFO -- Pedido inserido: {"pedidoComanda":{"valorTotal":79.90,"itens":[{"descricao":"COMBO APERITIVO","codigo":"000932","vrUnit":79.9,"qtd":1.0,"codigoPesquisa":"932","origem":"CDP_TABLET","adicionais":{"listAcrescentar":[],"listRetirar":[],"itensMontagem":[],"variacoes":[],"sabores":[]},"acessorio":false}],"comanda":{"numero":200,"maioridade":false,"atendente":{"codigo":"","senha":"1","usuario":"BBI"},"idTablet":1,"mesa":200,"tag":"","quantidadePessoas":0,"formaAtendimento":"MESA","idTag":""}}} 
 web_cardapio.br.com.bitbyte.dao.PedidosDao 2025-12-10 16:15:45,663 -- INFO -- Pedido inserido: {"pedidoComanda":{"valorTotal":79.90,"itens":[{"descricao":"COMBO APERITIVO","codigo":"000932","vrUnit":79.9,"qtd":1.0,"codigoPesquisa":"932","origem":"CDP_TABLET","adicionais":{"listAcrescentar":[],"listRetirar":[],"itensMontagem":[],"variacoes":[],"sabores":[]},"acessorio":false}],"comanda":{"numero":200,"maioridade":false,"atendente":{"codigo":"","senha":"1","usuario":"BBI"},"idTablet":1,"mesa":200,"tag":"","quantidadePessoas":0,"formaAtendimento":"MESA","idTag":""}}} 
 web_cardapio.br.com.bitbyte.scripts.ScriptsService 2025-12-11 08:45:22,630 -- INFO -- Executando scripts... 
 web_cardapio.br.com.bitbyte.dao.ThemeDao 2025-12-11 09:03:35,642 -- INFO -- Chegou aqui 6  
 web_cardapio.br.com.bitbyte.dao.ThemeDao 2025-12-11 09:19:23,746 -- INFO -- Chegou aqui 6  
 web_cardapio.br.com.bitbyte.dao.ThemeDao 2025-12-11 09:22:42,965 -- INFO -- Chegou aqui 6  
 web_cardapio.br.com.bitbyte.dao.ThemeDao 2025-12-11 09:24:37,361 -- INFO -- Chegou aqui 6  
 web_cardapio.br.com.bitbyte.dao.PedidosDao 2025-12-11 09:24:53,746 -- INFO -- Pedido inserido: {"pedidoComanda":{"valorTotal":159.80,"itens":[{"descricao":"COMBO APERITIVO","codigo":"000932","vrUnit":79.9,"qtd":2.0,"codigoPesquisa":"932","origem":"CDP_TABLET","adicionais":{"listAcrescentar":[],"listRetirar":[],"itensMontagem":[],"variacoes":[],"sabores":[]},"acessorio":false}],"comanda":{"numero":200,"maioridade":false,"atendente":{"codigo":"","senha":"1","usuario":"BBI"},"idTablet":1,"mesa":200,"tag":"","quantidadePessoas":0,"formaAtendimento":"MESA","idTag":""}}} 
 web_cardapio.br.com.bitbyte.dao.PedidosDao 2025-12-11 09:24:59,707 -- INFO -- Pedido inserido: {"pedidoComanda":{"valorTotal":38.90,"itens":[{"descricao":"ARANCINI DE CALABRESA CURADA","codigo":"001453","vrUnit":38.9,"qtd":1.0,"codigoPesquisa":"1453","origem":"CDP_TABLET","adicionais":{"listAcrescentar":[],"listRetirar":[],"itensMontagem":[],"variacoes":[],"sabores":[]},"acessorio":false}],"comanda":{"numero":200,"maioridade":false,"atendente":{"codigo":"","senha":"1","usuario":"BBI"},"idTablet":1,"mesa":200,"tag":"","quantidadePessoas":0,"formaAtendimento":"MESA","idTag":""}}} 
 web_cardapio.br.com.bitbyte.scripts.ScriptsService 2025-12-11 09:55:29,922 -- INFO -- Executando scripts... 
 web_cardapio.br.com.bitbyte.scripts.ScriptsService 2025-12-11 09:56:03,363 -- INFO -- Executando scripts... 
 web_cardapio.br.com.bitbyte.scripts.ScriptsService 2025-12-11 09:57:02,016 -- INFO -- Executando scripts... 
 web_cardapio.br.com.bitbyte.scripts.ScriptsService 2025-12-11 09:57:38,920 -- INFO -- Executando scripts... 
 web_cardapio.br.com.bitbyte.scripts.ScriptsService 2025-12-11 09:57:57,213 -- INFO -- Executando scripts... 
 web_cardapio.br.com.bitbyte.scripts.ScriptsService 2025-12-11 10:01:34,001 -- INFO -- Executando scripts... 
 web_cardapio.br.com.bitbyte.repositories.VersaoRepository 2025-12-11 10:24:11,818 -- INFO -- Diretorio instalacao = C:\projetos-desenvolvimento\web_cardapio\CARDAPIO_TABLET.apk 
 web_cardapio.br.com.bitbyte.dao.ThemeDao 2025-12-11 10:25:41,114 -- INFO -- Chegou aqui 6  
 web_cardapio.br.com.bitbyte.repositories.VersaoRepository 2025-12-11 10:28:22,985 -- INFO -- Diretorio instalacao = C:\projetos-desenvolvimento\web_cardapio\CARDAPIO_TABLET.apk 
 web_cardapio.br.com.bitbyte.repositories.VersaoRepository 2025-12-11 10:28:35,415 -- INFO -- Diretorio instalacao = C:\projetos-desenvolvimento\web_cardapio\CARDAPIO_TABLET.apk 
 web_cardapio.br.com.bitbyte.repositories.VersaoRepository 2025-12-11 10:29:37,059 -- INFO -- Diretorio instalacao = C:\projetos-desenvolvimento\web_cardapio\CARDAPIO_TABLET.apk 
 web_cardapio.br.com.bitbyte.repositories.VersaoRepository 2025-12-11 10:29:49,885 -- INFO -- Diretorio instalacao = C:\projetos-desenvolvimento\web_cardapio\CARDAPIO_TABLET.apk 
 web_cardapio.br.com.bitbyte.repositories.VersaoRepository 2025-12-11 10:31:15,500 -- INFO -- Diretorio instalacao = C:\projetos-desenvolvimento\web_cardapio\CARDAPIO_TABLET.apk 
 web_cardapio.br.com.bitbyte.repositories.VersaoRepository 2025-12-11 10:31:30,006 -- INFO -- Diretorio instalacao = C:\projetos-desenvolvimento\web_cardapio\CARDAPIO_TABLET.apk 
 web_cardapio.br.com.bitbyte.scripts.ScriptsService 2025-12-11 10:35:14,663 -- INFO -- Executando scripts... 
 web_cardapio.br.com.bitbyte.scripts.ScriptsService 2025-12-11 10:35:28,256 -- INFO -- Executando scripts... 
 web_cardapio.br.com.bitbyte.repositories.VersaoRepository 2025-12-11 10:39:46,909 -- INFO -- Diretorio instalacao = C:\projetos-desenvolvimento\web_cardapio\CARDAPIO_TABLET.apk 
 web_cardapio.br.com.bitbyte.repositories.VersaoRepository 2025-12-11 10:41:29,161 -- INFO -- Diretorio instalacao = C:\projetos-desenvolvimento\web_cardapio\CARDAPIO_TABLET.apk 
 web_cardapio.br.com.bitbyte.scripts.ScriptsService 2025-12-11 10:42:02,802 -- INFO -- Executando scripts... 
 web_cardapio.br.com.bitbyte.scripts.ScriptsService 2025-12-11 10:43:54,469 -- INFO -- Executando scripts... 
 web_cardapio.br.com.bitbyte.repositories.VersaoRepository 2025-12-11 10:46:19,555 -- INFO -- Diretorio instalacao = C:\projetos-desenvolvimento\web_cardapio\CARDAPIO_TABLET.apk 
 web_cardapio.br.com.bitbyte.repositories.VersaoRepository 2025-12-11 10:46:43,311 -- INFO -- Diretorio instalacao = C:\projetos-desenvolvimento\web_cardapio\CARDAPIO_TABLET.apk 
 web_cardapio.br.com.bitbyte.dao.ThemeDao 2025-12-11 10:49:07,446 -- INFO -- Chegou aqui 6  
 web_cardapio.br.com.bitbyte.scripts.ScriptsService 2025-12-11 11:18:36,704 -- INFO -- Executando scripts... 
 web_cardapio.br.com.bitbyte.scripts.ScriptsService 2025-12-11 11:33:04,537 -- INFO -- Executando scripts... 
 web_cardapio.br.com.bitbyte.repositories.VersaoRepository 2025-12-11 11:46:25,097 -- INFO -- Diretorio instalacao = C:\projetos-desenvolvimento\web_cardapio\CARDAPIO_TABLET.apk 
 web_cardapio.br.com.bitbyte.repositories.VersaoRepository 2025-12-11 11:46:35,032 -- INFO -- Diretorio instalacao = C:\projetos-desenvolvimento\web_cardapio\CARDAPIO_TABLET.apk 
 web_cardapio.br.com.bitbyte.repositories.VersaoRepository 2025-12-11 11:47:11,184 -- INFO -- Diretorio instalacao = C:\projetos-desenvolvimento\web_cardapio\CARDAPIO_TABLET.apk 
 web_cardapio.br.com.bitbyte.repositories.VersaoRepository 2025-12-11 11:54:27,559 -- INFO -- Diretorio instalacao = C:\projetos-desenvolvimento\web_cardapio\CARDAPIO_TABLET.apk 
 web_cardapio.br.com.bitbyte.repositories.VersaoRepository 2025-12-11 11:54:30,104 -- INFO -- Diretorio instalacao = C:\projetos-desenvolvimento\web_cardapio\CARDAPIO_TABLET.apk 
 web_cardapio.br.com.bitbyte.repositories.VersaoRepository 2025-12-11 11:56:52,701 -- INFO -- Diretorio instalacao = C:\projetos-desenvolvimento\web_cardapio\CARDAPIO_TABLET.apk 
 web_cardapio.br.com.bitbyte.repositories.VersaoRepository 2025-12-11 11:56:58,390 -- INFO -- Diretorio instalacao = C:\projetos-desenvolvimento\web_cardapio\CARDAPIO_TABLET.apk 
 web_cardapio.br.com.bitbyte.repositories.VersaoRepository 2025-12-11 11:59:54,164 -- INFO -- Diretorio instalacao = C:\projetos-desenvolvimento\web_cardapio\CARDAPIO_TABLET.apk 
 web_cardapio.br.com.bitbyte.repositories.VersaoRepository 2025-12-11 11:59:56,821 -- INFO -- Diretorio instalacao = C:\projetos-desenvolvimento\web_cardapio\CARDAPIO_TABLET.apk 
 web_cardapio.br.com.bitbyte.repositories.VersaoRepository 2025-12-11 12:02:36,985 -- INFO -- Diretorio instalacao = C:\projetos-desenvolvimento\web_cardapio\CARDAPIO_TABLET.apk 
 web_cardapio.br.com.bitbyte.repositories.VersaoRepository 2025-12-11 12:14:44,800 -- INFO -- Diretorio instalacao = C:\projetos-desenvolvimento\web_cardapio\CARDAPIO_TABLET.apk 
 web_cardapio.br.com.bitbyte.scripts.ScriptsService 2025-12-11 12:19:36,550 -- INFO -- Executando scripts... 
 web_cardapio.br.com.bitbyte.scripts.ScriptsService 2025-12-11 12:19:59,571 -- INFO -- Executando scripts... 
 web_cardapio.br.com.bitbyte.scripts.ScriptsService 2025-12-11 12:20:13,456 -- INFO -- Executando scripts... 
 web_cardapio.br.com.bitbyte.scripts.ScriptsService 2025-12-11 12:20:18,075 -- INFO -- Executando scripts... 
 web_cardapio.br.com.bitbyte.scripts.ScriptsService 2025-12-11 12:20:22,816 -- INFO -- Executando scripts... 
 web_cardapio.br.com.bitbyte.scripts.ScriptsService 2025-12-11 12:20:28,955 -- INFO -- Executando scripts... 
 web_cardapio.br.com.bitbyte.scripts.ScriptsService 2025-12-11 12:20:31,407 -- INFO -- Executando scripts... 
 web_cardapio.br.com.bitbyte.scripts.ScriptsService 2025-12-11 12:20:35,854 -- INFO -- Executando scripts... 
 web_cardapio.br.com.bitbyte.scripts.ScriptsService 2025-12-11 12:20:41,367 -- INFO -- Executando scripts... 
 web_cardapio.br.com.bitbyte.scripts.ScriptsService 2025-12-11 12:20:56,423 -- INFO -- Executando scripts... 
 web_cardapio.br.com.bitbyte.scripts.ScriptsService 2025-12-11 12:21:14,762 -- INFO -- Executando scripts... 
 web_cardapio.br.com.bitbyte.scripts.ScriptsService 2025-12-11 12:21:23,308 -- INFO -- Executando scripts... 
 web_cardapio.br.com.bitbyte.scripts.ScriptsService 2025-12-11 12:21:29,715 -- INFO -- Executando scripts... 
 web_cardapio.br.com.bitbyte.scripts.ScriptsService 2025-12-11 12:21:32,946 -- INFO -- Executando scripts... 
 web_cardapio.br.com.bitbyte.scripts.ScriptsService 2025-12-11 12:21:44,760 -- INFO -- Executando scripts... 
 web_cardapio.br.com.bitbyte.scripts.ScriptsService 2025-12-11 12:22:49,646 -- INFO -- Executando scripts... 
 web_cardapio.br.com.bitbyte.scripts.ScriptsService 2025-12-11 12:22:52,233 -- INFO -- Executando scripts... 
 web_cardapio.br.com.bitbyte.scripts.ScriptsService 2025-12-11 12:23:19,313 -- INFO -- Executando scripts... 
 web_cardapio.br.com.bitbyte.scripts.ScriptsService 2025-12-11 12:23:30,066 -- INFO -- Executando scripts... 
 web_cardapio.br.com.bitbyte.scripts.ScriptsService 2025-12-11 12:23:35,433 -- INFO -- Executando scripts... 
 web_cardapio.br.com.bitbyte.scripts.ScriptsService 2025-12-11 12:23:38,598 -- INFO -- Executando scripts... 
 web_cardapio.br.com.bitbyte.scripts.ScriptsService 2025-12-11 12:23:54,682 -- INFO -- Executando scripts... 
 web_cardapio.br.com.bitbyte.scripts.ScriptsService 2025-12-11 12:24:06,452 -- INFO -- Executando scripts... 
 web_cardapio.br.com.bitbyte.scripts.ScriptsService 2025-12-11 12:24:13,952 -- INFO -- Executando scripts... 
 web_cardapio.br.com.bitbyte.scripts.ScriptsService 2025-12-11 12:27:11,984 -- INFO -- Executando scripts... 
 web_cardapio.br.com.bitbyte.scripts.ScriptsService 2025-12-11 12:27:18,582 -- INFO -- Executando scripts... 
 web_cardapio.br.com.bitbyte.scripts.ScriptsService 2025-12-11 12:27:27,052 -- INFO -- Executando scripts... 
 web_cardapio.br.com.bitbyte.scripts.ScriptsService 2025-12-11 12:27:43,287 -- INFO -- Executando scripts... 
 web_cardapio.br.com.bitbyte.scripts.ScriptsService 2025-12-11 12:29:12,417 -- INFO -- Executando scripts... 
 web_cardapio.br.com.bitbyte.scripts.ScriptsService 2025-12-11 12:29:55,867 -- INFO -- Executando scripts... 
 web_cardapio.br.com.bitbyte.repositories.VersaoRepository 2025-12-11 12:30:10,741 -- INFO -- Diretorio instalacao = C:\projetos-desenvolvimento\web_cardapio\CARDAPIO_TABLET.apk 
 web_cardapio.br.com.bitbyte.scripts.ScriptsService 2025-12-11 12:32:26,116 -- INFO -- Executando scripts... 
 web_cardapio.br.com.bitbyte.repositories.VersaoRepository 2025-12-11 12:32:51,051 -- INFO -- Diretorio instalacao = C:\projetos-desenvolvimento\web_cardapio\cardapio.apk 
 web_cardapio.br.com.bitbyte.scripts.ScriptsService 2025-12-11 13:56:54,825 -- INFO -- Executando scripts... 
 web_cardapio.br.com.bitbyte.scripts.ScriptsService 2025-12-11 13:57:55,985 -- INFO -- Executando scripts... 
 web_cardapio.br.com.bitbyte.scripts.ScriptsService 2025-12-11 14:45:45,960 -- INFO -- Executando scripts... 
 web_cardapio.br.com.bitbyte.repositories.VersaoRepository 2025-12-11 14:46:31,322 -- INFO -- Diretorio instalacao = C:\projetos-desenvolvimento\web_cardapio\CARDAPIO_TABLET.apk 
 web_cardapio.br.com.bitbyte.repositories.VersaoRepository 2025-12-11 14:48:37,753 -- INFO -- Diretorio instalacao = C:\projetos-desenvolvimento\web_cardapio\CARDAPIO_TABLET.apk 
 web_cardapio.br.com.bitbyte.repositories.VersaoRepository 2025-12-11 14:50:27,210 -- INFO -- Diretorio instalacao = C:\projetos-desenvolvimento\web_cardapio\CARDAPIO_TABLET.apk 
 web_cardapio.br.com.bitbyte.scripts.ScriptsService 2025-12-11 14:51:48,635 -- INFO -- Executando scripts... 
 web_cardapio.br.com.bitbyte.scripts.ScriptsService 2025-12-11 14:52:11,772 -- INFO -- Executando scripts... 
 web_cardapio.br.com.bitbyte.scripts.ScriptsService 2025-12-11 14:52:17,532 -- INFO -- Executando scripts... 
 web_cardapio.br.com.bitbyte.scripts.ScriptsService 2025-12-11 14:52:28,594 -- INFO -- Executando scripts... 
 web_cardapio.br.com.bitbyte.scripts.ScriptsService 2025-12-11 14:52:40,730 -- INFO -- Executando scripts... 
 web_cardapio.br.com.bitbyte.scripts.ScriptsService 2025-12-11 14:52:52,921 -- INFO -- Executando scripts... 
 web_cardapio.br.com.bitbyte.scripts.ScriptsService 2025-12-11 14:53:30,338 -- INFO -- Executando scripts... 
 web_cardapio.br.com.bitbyte.repositories.VersaoRepository 2025-12-11 14:53:36,643 -- INFO -- Diretorio instalacao = C:\projetos-desenvolvimento\web_cardapio\CARDAPIO_TABLET.apk 
 web_cardapio.br.com.bitbyte.scripts.ScriptsService 2025-12-11 14:54:03,934 -- INFO -- Executando scripts... 
 web_cardapio.br.com.bitbyte.repositories.VersaoRepository 2025-12-11 14:54:07,090 -- INFO -- Diretorio instalacao = C:\projetos-desenvolvimento\web_cardapio\CARDAPIO_TABLET.apk 
 web_cardapio.br.com.bitbyte.repositories.VersaoRepository 2025-12-11 14:54:11,449 -- INFO -- Diretorio instalacao = C:\projetos-desenvolvimento\web_cardapio\CARDAPIO_TABLET.apk 
 web_cardapio.br.com.bitbyte.scripts.ScriptsService 2025-12-11 14:54:30,296 -- INFO -- Executando scripts... 
 web_cardapio.br.com.bitbyte.repositories.VersaoRepository 2025-12-11 14:54:35,138 -- INFO -- Diretorio instalacao = C:\projetos-desenvolvimento\web_cardapio\CARDAPIO_TABLET.apk 
 web_cardapio.br.com.bitbyte.repositories.VersaoRepository 2025-12-11 14:54:37,699 -- INFO -- Diretorio instalacao = C:\projetos-desenvolvimento\web_cardapio\CARDAPIO_TABLET.apk 
 web_cardapio.br.com.bitbyte.scripts.ScriptsService 2025-12-11 14:54:51,536 -- INFO -- Executando scripts... 
 web_cardapio.br.com.bitbyte.scripts.ScriptsService 2025-12-11 14:54:54,501 -- INFO -- Executando scripts... 
 web_cardapio.br.com.bitbyte.scripts.ScriptsService 2025-12-11 14:54:58,987 -- INFO -- Executando scripts... 
 web_cardapio.br.com.bitbyte.scripts.ScriptsService 2025-12-11 14:55:15,488 -- INFO -- Executando scripts... 
 web_cardapio.br.com.bitbyte.scripts.ScriptsService 2025-12-11 14:55:21,038 -- INFO -- Executando scripts... 
 web_cardapio.br.com.bitbyte.repositories.VersaoRepository 2025-12-11 14:55:22,276 -- INFO -- Diretorio instalacao = C:\projetos-desenvolvimento\web_cardapio\CARDAPIO_TABLET.apk 
 web_cardapio.br.com.bitbyte.scripts.ScriptsService 2025-12-11 14:57:33,789 -- INFO -- Executando scripts... 
 web_cardapio.br.com.bitbyte.scripts.ScriptsService 2025-12-11 14:57:35,975 -- INFO -- Executando scripts... 
 web_cardapio.br.com.bitbyte.scripts.ScriptsService 2025-12-11 15:02:09,757 -- INFO -- Executando scripts... 
 web_cardapio.br.com.bitbyte.scripts.ScriptsService 2025-12-11 15:23:09,953 -- INFO -- Executando scripts... 
 web_cardapio.br.com.bitbyte.repositories.VersaoRepository 2025-12-11 15:31:47,616 -- INFO -- Diretorio instalacao = C:\projetos-desenvolvimento\web_cardapio\CARDAPIO_TABLET.apk 
 web_cardapio.br.com.bitbyte.scripts.ScriptsService 2025-12-11 15:38:10,947 -- INFO -- Executando scripts... 
 web_cardapio.br.com.bitbyte.scripts.ScriptsService 2025-12-11 15:38:23,646 -- INFO -- Executando scripts... 
 web_cardapio.br.com.bitbyte.scripts.ScriptsService 2025-12-11 15:38:46,513 -- INFO -- Executando scripts... 
 web_cardapio.br.com.bitbyte.scripts.ScriptsService 2025-12-11 15:38:52,956 -- INFO -- Executando scripts... 
 web_cardapio.br.com.bitbyte.scripts.ScriptsService 2025-12-11 15:38:58,453 -- INFO -- Executando scripts... 
 web_cardapio.br.com.bitbyte.scripts.ScriptsService 2025-12-11 15:39:55,048 -- INFO -- Executando scripts... 
 web_cardapio.br.com.bitbyte.scripts.ScriptsService 2025-12-11 15:40:07,027 -- INFO -- Executando scripts... 
 web_cardapio.br.com.bitbyte.scripts.ScriptsService 2025-12-11 15:40:33,084 -- INFO -- Executando scripts... 
 web_cardapio.br.com.bitbyte.scripts.ScriptsService 2025-12-11 15:40:37,593 -- INFO -- Executando scripts... 
 web_cardapio.br.com.bitbyte.scripts.ScriptsService 2025-12-11 15:43:10,290 -- INFO -- Executando scripts... 
 web_cardapio.br.com.bitbyte.scripts.ScriptsService 2025-12-11 15:43:12,451 -- INFO -- Executando scripts... 
 web_cardapio.br.com.bitbyte.scripts.ScriptsService 2025-12-11 15:47:02,804 -- INFO -- Executando scripts... 
 web_cardapio.br.com.bitbyte.scripts.ScriptsService 2025-12-11 15:47:06,294 -- INFO -- Executando scripts... 
 web_cardapio.br.com.bitbyte.scripts.ScriptsService 2025-12-11 15:47:30,140 -- INFO -- Executando scripts... 
 web_cardapio.br.com.bitbyte.scripts.ScriptsService 2025-12-11 15:47:43,231 -- INFO -- Executando scripts... 
 web_cardapio.br.com.bitbyte.dao.ThemeDao 2025-12-11 15:58:56,737 -- INFO -- Chegou aqui 6  
 web_cardapio.br.com.bitbyte.repositories.VersaoRepository 2025-12-11 16:02:50,016 -- INFO -- Diretorio instalacao = C:\projetos-desenvolvimento\web_cardapio\CARDAPIO_TABLET.apk 
 web_cardapio.br.com.bitbyte.repositories.VersaoRepository 2025-12-11 16:04:35,456 -- INFO -- Diretorio instalacao = C:\projetos-desenvolvimento\web_cardapio\CARDAPIO_TABLET.apk 
 web_cardapio.br.com.bitbyte.repositories.VersaoRepository 2025-12-11 16:05:09,233 -- INFO -- Diretorio instalacao = C:\projetos-desenvolvimento\web_cardapio\CARDAPIO_TABLET.apk 
 web_cardapio.br.com.bitbyte.scripts.ScriptsService 2025-12-11 16:08:40,678 -- INFO -- Executando scripts... 
 web_cardapio.br.com.bitbyte.repositories.VersaoRepository 2025-12-11 16:08:48,535 -- INFO -- Diretorio instalacao = C:\projetos-desenvolvimento\web_cardapio\CARDAPIO_TABLET.apk 
 web_cardapio.br.com.bitbyte.repositories.VersaoRepository 2025-12-11 16:10:17,233 -- INFO -- Diretorio instalacao = C:\projetos-desenvolvimento\web_cardapio\CARDAPIO_TABLET.apk 
 web_cardapio.br.com.bitbyte.repositories.VersaoRepository 2025-12-11 16:11:24,481 -- INFO -- Diretorio instalacao = C:\projetos-desenvolvimento\web_cardapio\CARDAPIO_TABLET.apk 
 web_cardapio.br.com.bitbyte.repositories.VersaoRepository 2025-12-11 16:12:49,374 -- INFO -- Diretorio instalacao = C:\projetos-desenvolvimento\web_cardapio\CARDAPIO_TABLET.apk 
 web_cardapio.br.com.bitbyte.repositories.VersaoRepository 2025-12-11 16:14:28,878 -- INFO -- Diretorio instalacao = C:\projetos-desenvolvimento\web_cardapio\CARDAPIO_TABLET.apk 
 web_cardapio.br.com.bitbyte.repositories.VersaoRepository 2025-12-11 16:15:15,285 -- INFO -- Diretorio instalacao = C:\projetos-desenvolvimento\web_cardapio\CARDAPIO_TABLET.apk 
 web_cardapio.br.com.bitbyte.repositories.VersaoRepository 2025-12-11 16:17:19,093 -- INFO -- Diretorio instalacao = C:\projetos-desenvolvimento\web_cardapio\CARDAPIO_TABLET.apk 
 web_cardapio.br.com.bitbyte.repositories.VersaoRepository 2025-12-11 16:17:48,285 -- INFO -- Diretorio instalacao = C:\projetos-desenvolvimento\web_cardapio\CARDAPIO_TABLET.apk 
 web_cardapio.br.com.bitbyte.repositories.VersaoRepository 2025-12-11 16:21:30,555 -- INFO -- Diretorio instalacao = C:\projetos-desenvolvimento\web_cardapio\CARDAPIO_TABLET.apk 
 web_cardapio.br.com.bitbyte.repositories.VersaoRepository 2025-12-11 16:22:30,618 -- INFO -- Diretorio instalacao = C:\projetos-desenvolvimento\web_cardapio\CARDAPIO_TABLET.apk 
 web_cardapio.br.com.bitbyte.scripts.ScriptsService 2025-12-11 16:28:48,465 -- INFO -- Executando scripts... 
 web_cardapio.br.com.bitbyte.scripts.ScriptsService 2025-12-11 16:29:52,822 -- INFO -- Executando scripts... 
 web_cardapio.br.com.bitbyte.repositories.VersaoRepository 2025-12-11 16:41:09,464 -- INFO -- Diretorio instalacao = C:\projetos-desenvolvimento\web_cardapio\CARDAPIO_TABLET.apk 
 web_cardapio.br.com.bitbyte.repositories.VersaoRepository 2025-12-11 16:41:14,946 -- INFO -- Diretorio instalacao = C:\projetos-desenvolvimento\web_cardapio\CARDAPIO_TABLET.apk 
 web_cardapio.br.com.bitbyte.repositories.VersaoRepository 2025-12-11 16:41:37,725 -- INFO -- Diretorio instalacao = C:\projetos-desenvolvimento\web_cardapio\CARDAPIO_TABLET.apk 
 web_cardapio.br.com.bitbyte.repositories.VersaoRepository 2025-12-11 16:43:51,690 -- INFO -- Diretorio instalacao = C:\projetos-desenvolvimento\web_cardapio\CARDAPIO_TABLET.apk 
 web_cardapio.br.com.bitbyte.repositories.VersaoRepository 2025-12-11 16:48:36,953 -- INFO -- Diretorio instalacao = C:\projetos-desenvolvimento\web_cardapio\CARDAPIO_TABLET.apk 
 web_cardapio.br.com.bitbyte.repositories.VersaoRepository 2025-12-11 16:52:47,172 -- INFO -- Diretorio instalacao = C:\projetos-desenvolvimento\web_cardapio\CARDAPIO_TABLET.apk 
 web_cardapio.br.com.bitbyte.repositories.VersaoRepository 2025-12-11 16:55:10,063 -- INFO -- Diretorio instalacao = C:\projetos-desenvolvimento\web_cardapio\CARDAPIO_TABLET.apk 
 web_cardapio.br.com.bitbyte.scripts.ScriptsService 2025-12-11 17:01:09,976 -- INFO -- Executando scripts... 
 web_cardapio.br.com.bitbyte.scripts.ScriptsService 2025-12-11 17:35:43,186 -- INFO -- Executando scripts... 
 web_cardapio.br.com.bitbyte.scripts.ScriptsService 2025-12-11 17:36:01,440 -- INFO -- Executando scripts... 
 web_cardapio.br.com.bitbyte.scripts.ScriptsService 2025-12-11 17:37:21,166 -- INFO -- Executando scripts... 
 web_cardapio.Startup 2025-12-11 17:37:27,357 -- INFO -- PORTAAAAAAAAAA: 4040 
 web_cardapio.br.com.bitbyte.scripts.ScriptsService 2025-12-11 17:41:39,745 -- INFO -- Executando scripts... 
 web_cardapio.Startup 2025-12-11 17:41:41,707 -- INFO -- PORTA: 4041 
 web_cardapio.br.com.bitbyte.scripts.ScriptsService 2025-12-11 17:41:58,883 -- INFO -- Executando scripts... 
 web_cardapio.br.com.bitbyte.dao.ThemeDao 2025-12-11 17:56:09,738 -- INFO -- Chegou aqui 6  
 web_cardapio.br.com.bitbyte.scripts.ScriptsService 2025-12-12 09:34:48,518 -- INFO -- Executando scripts... 
 web_cardapio.br.com.bitbyte.scripts.ScriptsService 2025-12-12 09:35:11,324 -- INFO -- Executando scripts... 
 web_cardapio.br.com.bitbyte.scripts.ScriptsService 2025-12-12 09:39:38,573 -- INFO -- Executando scripts... 
 web_cardapio.br.com.bitbyte.dao.ThemeDao 2025-12-12 10:03:49,847 -- INFO -- Chegou aqui 6  
 web_cardapio.br.com.bitbyte.scripts.ScriptsService 2025-12-12 12:36:31,655 -- INFO -- Executando scripts... 
 web_cardapio.br.com.bitbyte.scripts.ScriptsService 2025-12-12 13:44:18,846 -- INFO -- Executando scripts... 
 web_cardapio.br.com.bitbyte.scripts.ScriptsService 2025-12-12 13:44:21,752 -- INFO -- Executando scripts... 
 web_cardapio.br.com.bitbyte.scripts.ScriptsService 2025-12-12 13:44:42,443 -- INFO -- Executando scripts... 
 web_cardapio.br.com.bitbyte.scripts.ScriptsService 2025-12-12 13:44:51,302 -- INFO -- Executando scripts... 
 web_cardapio.br.com.bitbyte.scripts.ScriptsService 2025-12-12 13:44:55,681 -- INFO -- Executando scripts... 
 web_cardapio.br.com.bitbyte.scripts.ScriptsService 2025-12-12 13:45:03,353 -- INFO -- Executando scripts... 
 web_cardapio.br.com.bitbyte.scripts.ScriptsService 2025-12-12 13:45:07,666 -- INFO -- Executando scripts... 
 web_cardapio.br.com.bitbyte.scripts.ScriptsService 2025-12-12 13:45:14,133 -- INFO -- Executando scripts... 
 web_cardapio.br.com.bitbyte.dao.ThemeDao 2025-12-12 13:51:10,053 -- INFO -- Chegou aqui 6  
 web_cardapio.br.com.bitbyte.scripts.ScriptsService 2025-12-12 13:59:59,888 -- INFO -- Executando scripts... 
 web_cardapio.br.com.bitbyte.dao.PedidosDao 2025-12-12 14:00:51,258 -- INFO -- Pedido inserido: {"pedidoComanda":{"valorTotal":24.90,"itens":[{"descricao":"MILKSHAKE ABACAXI AO VINHO","codigo":"000065","vrUnit":24.9,"qtd":1.0,"codigoPesquisa":"65","origem":"CDP_TABLET","adicionais":{"listAcrescentar":[],"listRetirar":[],"itensMontagem":[],"variacoes":[],"sabores":[]},"acessorio":false}],"comanda":{"numero":99,"maioridade":false,"atendente":{"codigo":"","senha":"1","usuario":"BBI"},"idTablet":1,"mesa":99,"tag":"","quantidadePessoas":0,"formaAtendimento":"MESA","idTag":""}}} 
 web_cardapio.br.com.bitbyte.scripts.ScriptsService 2025-12-12 14:38:04,603 -- INFO -- Executando scripts... 
 web_cardapio.br.com.bitbyte.scripts.ScriptsService 2025-12-12 14:42:14,714 -- INFO -- Executando scripts... 
 web_cardapio.br.com.bitbyte.scripts.ScriptsService 2025-12-12 14:45:47,514 -- INFO -- Executando scripts... 
 web_cardapio.br.com.bitbyte.scripts.ScriptsService 2025-12-12 14:51:53,899 -- INFO -- Executando scripts... 
 web_cardapio.br.com.bitbyte.scripts.ScriptsService 2025-12-15 13:14:11,832 -- INFO -- Executando scripts... 
 web_cardapio.br.com.bitbyte.scripts.ScriptsService 2025-12-15 13:16:32,124 -- INFO -- Executando scripts... 
 web_cardapio.br.com.bitbyte.scripts.ScriptsService 2025-12-15 13:16:39,016 -- INFO -- Executando scripts... 
 web_cardapio.br.com.bitbyte.scripts.ScriptsService 2025-12-15 13:16:42,897 -- INFO -- Executando scripts... 
 web_cardapio.br.com.bitbyte.scripts.ScriptsService 2025-12-15 13:28:36,027 -- INFO -- Executando scripts... 
 web_cardapio.br.com.bitbyte.scripts.ScriptsService 2025-12-15 13:29:48,726 -- INFO -- Executando scripts... 
 web_cardapio.br.com.bitbyte.scripts.ScriptsService 2025-12-15 13:34:10,702 -- INFO -- Executando scripts... 
 web_cardapio.br.com.bitbyte.scripts.ScriptsService 2025-12-15 14:13:40,434 -- INFO -- Executando scripts... 
 web_cardapio.br.com.bitbyte.scripts.ScriptsService 2025-12-15 14:13:44,213 -- INFO -- Executando scripts... 
 web_cardapio.br.com.bitbyte.scripts.ScriptsService 2025-12-15 14:14:10,602 -- INFO -- Executando scripts... 
 web_cardapio.br.com.bitbyte.scripts.ScriptsService 2025-12-15 14:14:38,729 -- INFO -- Executando scripts... 
 web_cardapio.br.com.bitbyte.scripts.ScriptsService 2025-12-15 14:14:49,626 -- INFO -- Executando scripts... 
 web_cardapio.br.com.bitbyte.scripts.ScriptsService 2025-12-15 14:15:02,866 -- INFO -- Executando scripts... 
 web_cardapio.br.com.bitbyte.dao.ThemeDao 2025-12-15 14:15:14,293 -- INFO -- Chegou aqui 6  
 web_cardapio.br.com.bitbyte.dao.ThemeDao 2025-12-15 14:15:37,369 -- INFO -- Chegou aqui 6  
 web_cardapio.br.com.bitbyte.dao.ThemeDao 2025-12-15 14:15:57,776 -- INFO -- Chegou aqui 6  
 web_cardapio.br.com.bitbyte.dao.ThemeDao 2025-12-15 14:18:37,461 -- INFO -- Chegou aqui 6  
 web_cardapio.br.com.bitbyte.scripts.ScriptsService 2025-12-15 14:29:54,668 -- INFO -- Executando scripts... 
 web_cardapio.br.com.bitbyte.scripts.ScriptsService 2025-12-15 14:30:14,606 -- INFO -- Executando scripts... 
 web_cardapio.br.com.bitbyte.dao.ThemeDao 2025-12-15 14:31:10,709 -- INFO -- Chegou aqui 6  
 web_cardapio.br.com.bitbyte.dao.ThemeDao 2025-12-15 14:32:04,017 -- INFO -- Chegou aqui 6  
 web_cardapio.br.com.bitbyte.dao.ThemeDao 2025-12-15 14:33:22,810 -- INFO -- Chegou aqui 6  
 web_cardapio.br.com.bitbyte.dao.ThemeDao 2025-12-15 14:35:45,273 -- INFO -- Chegou aqui 6  
 web_cardapio.br.com.bitbyte.dao.ThemeDao 2025-12-15 14:38:28,950 -- INFO -- Chegou aqui 6  
 web_cardapio.br.com.bitbyte.scripts.ScriptsService 2025-12-15 14:44:56,951 -- INFO -- Executando scripts... 
 web_cardapio.br.com.bitbyte.scripts.ScriptsService 2025-12-15 14:45:19,281 -- INFO -- Executando scripts... 
 web_cardapio.br.com.bitbyte.dao.ThemeDao 2025-12-15 14:45:25,037 -- INFO -- Chegou aqui 6  
 web_cardapio.br.com.bitbyte.dao.ThemeDao 2025-12-15 14:48:42,024 -- INFO -- Chegou aqui 6  
 web_cardapio.br.com.bitbyte.dao.ThemeDao 2025-12-15 14:52:52,663 -- INFO -- Chegou aqui 6  
 web_cardapio.br.com.bitbyte.dao.ThemeDao 2025-12-15 14:54:29,935 -- INFO -- Chegou aqui 6  
 web_cardapio.br.com.bitbyte.dao.ThemeDao 2025-12-15 15:00:03,901 -- INFO -- Chegou aqui 6  
 web_cardapio.br.com.bitbyte.dao.ThemeDao 2025-12-15 15:00:57,124 -- INFO -- Chegou aqui 6  
 web_cardapio.br.com.bitbyte.dao.ThemeDao 2025-12-15 15:01:51,066 -- INFO -- Chegou aqui 6  
 web_cardapio.br.com.bitbyte.dao.ThemeDao 2025-12-15 15:04:08,973 -- INFO -- Chegou aqui 6  
 web_cardapio.br.com.bitbyte.dao.ThemeDao 2025-12-15 15:04:50,580 -- INFO -- Chegou aqui 6  
 web_cardapio.br.com.bitbyte.dao.ThemeDao 2025-12-15 15:09:42,215 -- INFO -- Chegou aqui 6  
 web_cardapio.br.com.bitbyte.dao.ThemeDao 2025-12-15 15:10:53,270 -- INFO -- Chegou aqui 6  
 web_cardapio.br.com.bitbyte.dao.ThemeDao 2025-12-15 15:18:46,471 -- INFO -- Chegou aqui 6  
 web_cardapio.br.com.bitbyte.dao.ThemeDao 2025-12-15 15:26:02,098 -- INFO -- Chegou aqui 6  
 web_cardapio.br.com.bitbyte.dao.ThemeDao 2025-12-15 15:29:59,142 -- INFO -- Chegou aqui 6  
 web_cardapio.br.com.bitbyte.dao.ThemeDao 2025-12-15 15:31:21,583 -- INFO -- Chegou aqui 6  
 web_cardapio.br.com.bitbyte.dao.ThemeDao 2025-12-15 15:32:28,830 -- INFO -- Chegou aqui 6  
 web_cardapio.br.com.bitbyte.scripts.ScriptsService 2025-12-15 15:34:36,169 -- INFO -- Executando scripts... 
 web_cardapio.br.com.bitbyte.scripts.ScriptsService 2025-12-15 15:38:09,979 -- INFO -- Executando scripts... 
 web_cardapio.br.com.bitbyte.scripts.ScriptsService 2025-12-15 15:41:10,923 -- INFO -- Executando scripts... 
 web_cardapio.br.com.bitbyte.scripts.ScriptsService 2025-12-15 15:42:37,530 -- INFO -- Executando scripts... 
 web_cardapio.br.com.bitbyte.scripts.ScriptsService 2025-12-15 15:42:46,778 -- INFO -- Executando scripts... 
 web_cardapio.br.com.bitbyte.scripts.ScriptsService 2025-12-15 15:42:53,399 -- INFO -- Executando scripts... 
 web_cardapio.br.com.bitbyte.scripts.ScriptsService 2025-12-15 15:43:17,349 -- INFO -- Executando scripts... 
 web_cardapio.br.com.bitbyte.scripts.ScriptsService 2025-12-15 15:43:23,823 -- INFO -- Executando scripts... 
 web_cardapio.br.com.bitbyte.dao.ThemeDao 2025-12-15 15:44:42,313 -- INFO -- Chegou aqui 6  
 web_cardapio.br.com.bitbyte.dao.ThemeDao 2025-12-15 15:45:08,658 -- INFO -- Chegou aqui 6  
 web_cardapio.br.com.bitbyte.dao.PedidosDao 2025-12-15 15:45:42,046 -- INFO -- Pedido inserido: {"pedidoComanda":{"valorTotal":49.80,"itens":[{"descricao":"MILKSHAKE ABACAXI AO VINHO","codigo":"000065","vrUnit":24.9,"qtd":2.0,"codigoPesquisa":"65","origem":"CDP_TABLET","adicionais":{"listAcrescentar":[],"listRetirar":[],"itensMontagem":[],"variacoes":[],"sabores":[]},"acessorio":false}],"comanda":{"numero":99,"maioridade":false,"atendente":{"codigo":"","senha":"1","usuario":"BBI"},"idTablet":1,"mesa":99,"tag":"","quantidadePessoas":0,"formaAtendimento":"MESA","idTag":""}}} 
 web_cardapio.br.com.bitbyte.scripts.ScriptsService 2025-12-15 15:46:56,477 -- INFO -- Executando scripts... 
 web_cardapio.br.com.bitbyte.dao.ThemeDao 2025-12-15 15:47:58,444 -- INFO -- Chegou aqui 6  
 web_cardapio.br.com.bitbyte.dao.PedidosDao 2025-12-15 15:49:13,362 -- INFO -- Pedido inserido: {"pedidoComanda":{"valorTotal":26.00,"itens":[{"descricao":"GUARANA ANTARTICA 1,5 ML","codigo":"000068","vrUnit":13.0,"qtd":1.0,"codigoPesquisa":"68","origem":"CDP_TABLET","adicionais":{"listAcrescentar":[],"listRetirar":[],"itensMontagem":[],"variacoes":[],"sabores":[]},"acessorio":false},{"descricao":"FANTA UVA 220 ML","codigo":"000067","vrUnit":6.5,"qtd":1.0,"codigoPesquisa":"67","origem":"CDP_TABLET","adicionais":{"listAcrescentar":[],"listRetirar":[],"itensMontagem":[],"variacoes":[],"sabores":[]},"acessorio":false},{"descricao":"FANTA LARANJA 220 ML","codigo":"000066","vrUnit":6.5,"qtd":1.0,"codigoPesquisa":"66","origem":"CDP_TABLET","adicionais":{"listAcrescentar":[],"listRetirar":[],"itensMontagem":[],"variacoes":[],"sabores":[]},"acessorio":false},{"descricao":"COPO","codigo":"000099","vrUnit":0.0,"qtd":1.0,"codigoPesquisa":"99","origem":"CDP_TABLET","adicionais":{"listAcrescentar":[],"listRetirar":[],"itensMontagem":[],"variacoes":[],"sabores":[]},"acessorio":false}],"comanda":{"numero":99,"maioridade":false,"atendente":{"codigo":"","senha":"1","usuario":"BBI"},"idTablet":1,"mesa":99,"tag":"","quantidadePessoas":0,"formaAtendimento":"MESA","idTag":""}}} 
 web_cardapio.br.com.bitbyte.dao.PedidosDao 2025-12-15 15:49:13,393 -- INFO -- Pedido inserido: {"pedidoComanda":{"valorTotal":26.00,"itens":[{"descricao":"GUARANA ANTARTICA 1,5 ML","codigo":"000068","vrUnit":13.0,"qtd":1.0,"codigoPesquisa":"68","origem":"CDP_TABLET","adicionais":{"listAcrescentar":[],"listRetirar":[],"itensMontagem":[],"variacoes":[],"sabores":[]},"acessorio":false},{"descricao":"FANTA UVA 220 ML","codigo":"000067","vrUnit":6.5,"qtd":1.0,"codigoPesquisa":"67","origem":"CDP_TABLET","adicionais":{"listAcrescentar":[],"listRetirar":[],"itensMontagem":[],"variacoes":[],"sabores":[]},"acessorio":false},{"descricao":"FANTA LARANJA 220 ML","codigo":"000066","vrUnit":6.5,"qtd":1.0,"codigoPesquisa":"66","origem":"CDP_TABLET","adicionais":{"listAcrescentar":[],"listRetirar":[],"itensMontagem":[],"variacoes":[],"sabores":[]},"acessorio":false},{"descricao":"COPO","codigo":"000099","vrUnit":0.0,"qtd":1.0,"codigoPesquisa":"99","origem":"CDP_TABLET","adicionais":{"listAcrescentar":[],"listRetirar":[],"itensMontagem":[],"variacoes":[],"sabores":[]},"acessorio":false}],"comanda":{"numero":99,"maioridade":false,"atendente":{"codigo":"","senha":"1","usuario":"BBI"},"idTablet":1,"mesa":99,"tag":"","quantidadePessoas":0,"formaAtendimento":"MESA","idTag":""}}} 
 web_cardapio.br.com.bitbyte.dao.PedidosDao 2025-12-15 15:49:13,409 -- INFO -- Pedido inserido: {"pedidoComanda":{"valorTotal":26.00,"itens":[{"descricao":"GUARANA ANTARTICA 1,5 ML","codigo":"000068","vrUnit":13.0,"qtd":1.0,"codigoPesquisa":"68","origem":"CDP_TABLET","adicionais":{"listAcrescentar":[],"listRetirar":[],"itensMontagem":[],"variacoes":[],"sabores":[]},"acessorio":false},{"descricao":"FANTA UVA 220 ML","codigo":"000067","vrUnit":6.5,"qtd":1.0,"codigoPesquisa":"67","origem":"CDP_TABLET","adicionais":{"listAcrescentar":[],"listRetirar":[],"itensMontagem":[],"variacoes":[],"sabores":[]},"acessorio":false},{"descricao":"FANTA LARANJA 220 ML","codigo":"000066","vrUnit":6.5,"qtd":1.0,"codigoPesquisa":"66","origem":"CDP_TABLET","adicionais":{"listAcrescentar":[],"listRetirar":[],"itensMontagem":[],"variacoes":[],"sabores":[]},"acessorio":false},{"descricao":"COPO","codigo":"000099","vrUnit":0.0,"qtd":1.0,"codigoPesquisa":"99","origem":"CDP_TABLET","adicionais":{"listAcrescentar":[],"listRetirar":[],"itensMontagem":[],"variacoes":[],"sabores":[]},"acessorio":false}],"comanda":{"numero":99,"maioridade":false,"atendente":{"codigo":"","senha":"1","usuario":"BBI"},"idTablet":1,"mesa":99,"tag":"","quantidadePessoas":0,"formaAtendimento":"MESA","idTag":""}}} 
 web_cardapio.br.com.bitbyte.dao.PedidosDao 2025-12-15 15:49:13,503 -- INFO -- Pedido inserido: {"pedidoComanda":{"valorTotal":26.00,"itens":[{"descricao":"GUARANA ANTARTICA 1,5 ML","codigo":"000068","vrUnit":13.0,"qtd":1.0,"codigoPesquisa":"68","origem":"CDP_TABLET","adicionais":{"listAcrescentar":[],"listRetirar":[],"itensMontagem":[],"variacoes":[],"sabores":[]},"acessorio":false},{"descricao":"FANTA UVA 220 ML","codigo":"000067","vrUnit":6.5,"qtd":1.0,"codigoPesquisa":"67","origem":"CDP_TABLET","adicionais":{"listAcrescentar":[],"listRetirar":[],"itensMontagem":[],"variacoes":[],"sabores":[]},"acessorio":false},{"descricao":"FANTA LARANJA 220 ML","codigo":"000066","vrUnit":6.5,"qtd":1.0,"codigoPesquisa":"66","origem":"CDP_TABLET","adicionais":{"listAcrescentar":[],"listRetirar":[],"itensMontagem":[],"variacoes":[],"sabores":[]},"acessorio":false},{"descricao":"COPO","codigo":"000099","vrUnit":0.0,"qtd":1.0,"codigoPesquisa":"99","origem":"CDP_TABLET","adicionais":{"listAcrescentar":[],"listRetirar":[],"itensMontagem":[],"variacoes":[],"sabores":[]},"acessorio":false}],"comanda":{"numero":99,"maioridade":false,"atendente":{"codigo":"","senha":"1","usuario":"BBI"},"idTablet":1,"mesa":99,"tag":"","quantidadePessoas":0,"formaAtendimento":"MESA","idTag":""}}} 
 web_cardapio.br.com.bitbyte.scripts.ScriptsService 2025-12-15 16:21:41,093 -- INFO -- Executando scripts... 
 web_cardapio.br.com.bitbyte.repositories.VersaoRepository 2025-12-15 16:21:46,836 -- INFO -- Diretorio instalacao = C:\projetos-desenvolvimento\web_cardapio\CARDAPIO_TABLET.apk 
 web_cardapio.br.com.bitbyte.scripts.ScriptsService 2025-12-15 16:22:50,611 -- INFO -- Executando scripts... 
 web_cardapio.br.com.bitbyte.repositories.VersaoRepository 2025-12-15 16:23:12,598 -- INFO -- Diretorio instalacao = C:\projetos-desenvolvimento\web_cardapio\CARDAPIO_TABLET.apk 
 web_cardapio.br.com.bitbyte.repositories.VersaoRepository 2025-12-15 16:28:50,926 -- INFO -- Diretorio instalacao = C:\projetos-desenvolvimento\web_cardapio\CARDAPIO_TABLET.apk 
 web_cardapio.br.com.bitbyte.dao.ThemeDao 2025-12-15 16:53:39,050 -- INFO -- Chegou aqui 6  
 web_cardapio.br.com.bitbyte.scripts.ScriptsService 2025-12-16 09:02:02,058 -- INFO -- Executando scripts... 
 web_cardapio.br.com.bitbyte.dao.ThemeDao 2025-12-16 09:03:40,662 -- INFO -- Chegou aqui 6  
 web_cardapio.br.com.bitbyte.dao.ThemeDao 2025-12-16 09:04:38,301 -- INFO -- Chegou aqui 6  
 web_cardapio.br.com.bitbyte.dao.ThemeDao 2025-12-16 09:05:00,323 -- INFO -- Chegou aqui 6  
 web_cardapio.br.com.bitbyte.scripts.ScriptsService 2025-12-16 09:25:31,101 -- INFO -- Executando scripts... 
 web_cardapio.br.com.bitbyte.scripts.ScriptsService 2025-12-16 09:26:51,803 -- INFO -- Executando scripts... 
 web_cardapio.br.com.bitbyte.controllers.ParametrosController 2025-12-16 09:31:00,556 -- INFO -- Não foi possível obter os parâmetros. Dynamic SQL Error; SQL error code = -104; Token unknown - line 1, column 77; null [SQLState:42000, ISC error code:335544634] 
 web_cardapio.br.com.bitbyte.controllers.ParametrosController 2025-12-16 09:31:13,482 -- INFO -- Não foi possível obter os parâmetros. Dynamic SQL Error; SQL error code = -104; Token unknown - line 1, column 77; null [SQLState:42000, ISC error code:335544634] 
 web_cardapio.br.com.bitbyte.scripts.ScriptsService 2025-12-16 09:31:44,463 -- INFO -- Executando scripts... 
 web_cardapio.br.com.bitbyte.dao.ThemeDao 2025-12-16 09:31:54,761 -- INFO -- Chegou aqui 6  
 web_cardapio.br.com.bitbyte.scripts.ScriptsService 2025-12-16 09:56:18,917 -- INFO -- Executando scripts... 
 web_cardapio.br.com.bitbyte.controllers.ParametrosController 2025-12-16 09:57:14,467 -- INFO -- Não foi possível obter os parâmetros. Dynamic SQL Error; SQL error code = -104; Token unknown - line 1, column 77; null [SQLState:42000, ISC error code:335544634] 
 web_cardapio.br.com.bitbyte.controllers.ParametrosController 2025-12-16 09:57:29,675 -- INFO -- Não foi possível obter os parâmetros. Dynamic SQL Error; SQL error code = -104; Token unknown - line 1, column 77; null [SQLState:42000, ISC error code:335544634] 
 web_cardapio.br.com.bitbyte.controllers.ParametrosController 2025-12-16 09:58:39,490 -- INFO -- Não foi possível obter os parâmetros. Dynamic SQL Error; SQL error code = -104; Token unknown - line 1, column 77; null [SQLState:42000, ISC error code:335544634] 
 web_cardapio.br.com.bitbyte.scripts.ScriptsService 2025-12-16 09:59:19,308 -- INFO -- Executando scripts... 
 web_cardapio.br.com.bitbyte.dao.ThemeDao 2025-12-16 10:00:15,830 -- INFO -- Chegou aqui 6  
 web_cardapio.br.com.bitbyte.dao.ThemeDao 2025-12-16 10:10:21,111 -- INFO -- Chegou aqui 6  
 web_cardapio.br.com.bitbyte.scripts.ScriptsService 2025-12-16 10:23:36,363 -- INFO -- Executando scripts... 
 web_cardapio.br.com.bitbyte.dao.ThemeDao 2025-12-16 10:23:47,159 -- INFO -- Chegou aqui 6  
 web_cardapio.br.com.bitbyte.scripts.ScriptsService 2025-12-16 11:15:03,305 -- INFO -- Executando scripts... 
 web_cardapio.br.com.bitbyte.dao.ThemeDao 2025-12-16 11:29:34,273 -- INFO -- Chegou aqui 6  
 web_cardapio.br.com.bitbyte.scripts.ScriptsService 2025-12-17 08:39:59,582 -- INFO -- Executando scripts... 
 web_cardapio.br.com.bitbyte.dao.ThemeDao 2025-12-17 08:40:08,327 -- INFO -- Chegou aqui 6  
 web_cardapio.br.com.bitbyte.scripts.ScriptsService 2025-12-17 15:08:42,339 -- INFO -- Executando scripts... 
 web_cardapio.br.com.bitbyte.scripts.ScriptsService 2025-12-17 16:56:03,458 -- INFO -- Executando scripts... 
 web_cardapio.br.com.bitbyte.scripts.ScriptsService 2025-12-18 15:05:54,336 -- INFO -- Executando scripts... 
 web_cardapio.br.com.bitbyte.dao.ThemeDao 2025-12-18 15:06:01,000 -- INFO -- Chegou aqui 6  
 web_cardapio.br.com.bitbyte.dao.ThemeDao 2025-12-18 15:06:42,464 -- INFO -- Chegou aqui 6  
 web_cardapio.br.com.bitbyte.dao.ThemeDao 2025-12-18 15:07:36,902 -- INFO -- Chegou aqui 6  
 web_cardapio.br.com.bitbyte.dao.ThemeDao 2025-12-18 15:07:51,283 -- INFO -- Chegou aqui 6  
 